<?xml version="1.0" encoding="UTF-8"?>
<testsuite name="ru.ac.uniyar.testingcourse.bookingsystem.BookingSystemTest" tests="15" skipped="0" failures="0" errors="0" timestamp="2024-01-24T11:01:38" hostname="PC216-13" time="1.051">
  <properties/>
  <testcase name="possibleToBookOneInterval()" classname="ru.ac.uniyar.testingcourse.bookingsystem.BookingSystemTest" time="0.638"/>
  <testcase name="impossibleToBookIntervalEarlierThan8am()" classname="ru.ac.uniyar.testingcourse.bookingsystem.BookingSystemTest" time="0.023"/>
  <testcase name="impossibleToCancelIntervalBookedByAnotherUser()" classname="ru.ac.uniyar.testingcourse.bookingsystem.BookingSystemTest" time="0.004"/>
  <testcase name="[1] 10, 12, 14, 17, [10, 11, 14, 15, 16]" classname="ru.ac.uniyar.testingcourse.bookingsystem.BookingSystemTest" time="0.083"/>
  <testcase name="[2] 10, 12, 12, 14, [10, 11, 12, 13]" classname="ru.ac.uniyar.testingcourse.bookingsystem.BookingSystemTest" time="0.002"/>
  <testcase name="impossibleToBookIntervalLaterThan8pm()" classname="ru.ac.uniyar.testingcourse.bookingsystem.BookingSystemTest" time="0.005"/>
  <testcase name="impossibleToBookCrossingIntervals()" classname="ru.ac.uniyar.testingcourse.bookingsystem.BookingSystemTest" time="0.002"/>
  <testcase name="impossibleToCancelIntervalContainingBookedAndCancelledSubintervals()" classname="ru.ac.uniyar.testingcourse.bookingsystem.BookingSystemTest" time="0.003"/>
  <testcase name="possibleToCancelPreviouslyBookedInterval()" classname="ru.ac.uniyar.testingcourse.bookingsystem.BookingSystemTest" time="0.001"/>
  <testcase name="possibleToCancelPreviouslyBookedIntervalPartially()" classname="ru.ac.uniyar.testingcourse.bookingsystem.BookingSystemTest" time="0.001"/>
  <testcase name="bookedHoursListShouldBeEmptyAfterCreation()" classname="ru.ac.uniyar.testingcourse.bookingsystem.BookingSystemTest" time="0.001"/>
  <testcase name="impossibleToCancelNotPreviouslyBookedInterval()" classname="ru.ac.uniyar.testingcourse.bookingsystem.BookingSystemTest" time="0.001"/>
  <testcase name="[1] 4, 7" classname="ru.ac.uniyar.testingcourse.bookingsystem.BookingSystemTest" time="0.005"/>
  <testcase name="[2] 20, 22" classname="ru.ac.uniyar.testingcourse.bookingsystem.BookingSystemTest" time="0.002"/>
  <testcase name="impossibleToCancelIntervalBeyondBoundaries()" classname="ru.ac.uniyar.testingcourse.bookingsystem.BookingSystemTest" time="0.002"/>
  <system-out><![CDATA[]]></system-out>
  <system-err><![CDATA[]]></system-err>
</testsuite>
